<?xml version="1.0" encoding="UTF-8"?>
<!-- Generated by org.testng.reporters.JUnitReportReporter -->
<testsuite hostname="DESKTOP-2BVKFCN" failures="0" tests="1" name="testCases.tc_001_AccountRegestration" time="7.608" errors="0" timestamp="2022-02-09T01:03:20 AEDT" skipped="0">
  <testcase classname="testCases.tc_001_AccountRegestration" name="test_account_registration" time="7.608"/>
  <system-out/>
</testsuite> <!-- testCases.tc_001_AccountRegestration -->
