<?xml version="1.0" encoding="UTF-8"?>
<!-- Generated by org.testng.reporters.JUnitReportReporter -->
<testsuite hostname="DESKTOP-2BVKFCN" failures="0" tests="4" name="testCases.tc_003_loginDDT" time="43.880" errors="0" timestamp="2022-02-09T00:30:41 AEDT" skipped="0">
  <testcase classname="testCases.tc_003_loginDDT" name="test_LoginDDT" time="10.430"/>
  <system-out/>
  <testcase classname="testCases.tc_003_loginDDT" name="test_LoginDDT" time="10.332"/>
  <system-out/>
  <testcase classname="testCases.tc_003_loginDDT" name="test_LoginDDT" time="12.353"/>
  <system-out/>
  <testcase classname="testCases.tc_003_loginDDT" name="test_LoginDDT" time="10.765"/>
  <system-out/>
</testsuite> <!-- testCases.tc_003_loginDDT -->
